{
  "RSpec": {
    "coverage": {
      "/Users/ok/Projects/pairing-challenges/bookmark-manager/02112020/bookmarks-challenge/app.rb": {
        "lines": [
          null,
          null,
          1,
          1,
          null,
          1,
          1,
          1,
          null,
          null,
          1,
          1,
          null,
          null,
          1,
          4,
          4,
          null,
          null,
          1,
          1,
          1,
          null,
          1,
          null
        ]
      },
      "/Users/ok/Projects/pairing-challenges/bookmark-manager/02112020/bookmarks-challenge/lib/bookmarks.rb": {
        "lines": [
          null,
          1,
          null,
          null,
          1,
          null,
          null,
          null,
          1,
          13,
          13,
          13,
          null,
          null,
          1,
          null,
          13,
          13,
          null,
          0,
          null,
          13,
          null,
          0,
          null,
          0,
          null,
          13,
          null,
          null,
          null,
          1,
          null,
          5,
          5,
          null,
          0,
          null,
          5,
          21,
          null,
          0,
          null,
          0,
          null,
          5,
          5,
          null,
          null,
          null
        ]
      },
      "/Users/ok/Projects/pairing-challenges/bookmark-manager/02112020/bookmarks-challenge/spec/features/bookmark_page_spec.rb": {
        "lines": [
          null,
          1,
          null,
          1,
          1,
          3,
          null,
          1,
          1,
          1,
          null,
          1,
          1,
          1,
          null,
          1,
          1,
          1,
          1,
          1,
          1,
          null,
          null
        ]
      },
      "/Users/ok/Projects/pairing-challenges/bookmark-manager/02112020/bookmarks-challenge/spec/features/index_page_spec.rb": {
        "lines": [
          null,
          null,
          1,
          1,
          1,
          1,
          null,
          null
        ]
      },
      "/Users/ok/Projects/pairing-challenges/bookmark-manager/02112020/bookmarks-challenge/spec/features/test_hello_world_page_spec.rb": {
        "lines": [
          null,
          null,
          1,
          1,
          1,
          1,
          null,
          null
        ]
      },
      "/Users/ok/Projects/pairing-challenges/bookmark-manager/02112020/bookmarks-challenge/spec/unit/bookmarks_spec.rb": {
        "lines": [
          null,
          1,
          null,
          1,
          1,
          1,
          1,
          1,
          1,
          null,
          null,
          null
        ]
      }
    },
    "timestamp": 1604420424
  }
}
